mode: set
github.com/k-spit/technical-assessment-go/Netzwerkprogrammierung/04-api-service-template/main.go:42.64,51.2 4 0
github.com/k-spit/technical-assessment-go/Netzwerkprogrammierung/04-api-service-template/main.go:53.48,58.51 4 0
github.com/k-spit/technical-assessment-go/Netzwerkprogrammierung/04-api-service-template/main.go:58.51,60.3 1 0
github.com/k-spit/technical-assessment-go/Netzwerkprogrammierung/04-api-service-template/main.go:61.2,61.25 1 0
github.com/k-spit/technical-assessment-go/Netzwerkprogrammierung/04-api-service-template/main.go:64.13,73.16 8 0
github.com/k-spit/technical-assessment-go/Netzwerkprogrammierung/04-api-service-template/main.go:73.16,75.3 1 0
github.com/k-spit/technical-assessment-go/Netzwerkprogrammierung/04-api-service-template/main.go:76.2,78.33 2 0
github.com/k-spit/technical-assessment-go/Netzwerkprogrammierung/04-api-service-template/main.go:78.33,80.3 1 0
github.com/k-spit/technical-assessment-go/Netzwerkprogrammierung/04-api-service-template/main.go:82.2,91.18 8 0
github.com/k-spit/technical-assessment-go/Netzwerkprogrammierung/04-api-service-template/main.go:91.18,93.3 1 0
github.com/k-spit/technical-assessment-go/Netzwerkprogrammierung/04-api-service-template/main.go:94.2,94.22 1 0
github.com/k-spit/technical-assessment-go/Netzwerkprogrammierung/04-api-service-template/main.go:94.22,96.3 1 0
github.com/k-spit/technical-assessment-go/Netzwerkprogrammierung/04-api-service-template/main.go:98.2,100.50 3 0
github.com/k-spit/technical-assessment-go/Netzwerkprogrammierung/04-api-service-template/main.go:103.60,104.71 1 0
github.com/k-spit/technical-assessment-go/Netzwerkprogrammierung/04-api-service-template/main.go:104.71,105.27 1 0
github.com/k-spit/technical-assessment-go/Netzwerkprogrammierung/04-api-service-template/main.go:105.27,108.4 2 0
github.com/k-spit/technical-assessment-go/Netzwerkprogrammierung/04-api-service-template/main.go:109.3,109.23 1 0
github.com/k-spit/technical-assessment-go/Netzwerkprogrammierung/04-api-service-template/main.go:113.54,114.71 1 0
github.com/k-spit/technical-assessment-go/Netzwerkprogrammierung/04-api-service-template/main.go:114.71,115.53 1 0
github.com/k-spit/technical-assessment-go/Netzwerkprogrammierung/04-api-service-template/main.go:115.53,118.4 2 0
github.com/k-spit/technical-assessment-go/Netzwerkprogrammierung/04-api-service-template/main.go:119.3,119.23 1 0
github.com/k-spit/technical-assessment-go/Netzwerkprogrammierung/04-api-service-template/main.go:123.57,124.18 1 1
github.com/k-spit/technical-assessment-go/Netzwerkprogrammierung/04-api-service-template/main.go:124.18,125.53 1 0
github.com/k-spit/technical-assessment-go/Netzwerkprogrammierung/04-api-service-template/main.go:125.53,128.4 2 0
github.com/k-spit/technical-assessment-go/Netzwerkprogrammierung/04-api-service-template/main.go:131.2,132.16 2 1
github.com/k-spit/technical-assessment-go/Netzwerkprogrammierung/04-api-service-template/main.go:132.16,135.3 2 0
github.com/k-spit/technical-assessment-go/Netzwerkprogrammierung/04-api-service-template/main.go:136.2,139.18 3 1
github.com/k-spit/technical-assessment-go/Netzwerkprogrammierung/04-api-service-template/main.go:139.18,141.57 2 1
github.com/k-spit/technical-assessment-go/Netzwerkprogrammierung/04-api-service-template/main.go:141.57,144.4 2 0
github.com/k-spit/technical-assessment-go/Netzwerkprogrammierung/04-api-service-template/main.go:145.3,145.30 1 1
github.com/k-spit/technical-assessment-go/Netzwerkprogrammierung/04-api-service-template/main.go:148.2,149.18 2 1
github.com/k-spit/technical-assessment-go/Netzwerkprogrammierung/04-api-service-template/main.go:149.18,151.3 1 0
github.com/k-spit/technical-assessment-go/Netzwerkprogrammierung/04-api-service-template/main.go:152.2,153.19 2 1
github.com/k-spit/technical-assessment-go/Netzwerkprogrammierung/04-api-service-template/main.go:156.57,158.62 2 1
github.com/k-spit/technical-assessment-go/Netzwerkprogrammierung/04-api-service-template/main.go:158.62,161.3 2 0
github.com/k-spit/technical-assessment-go/Netzwerkprogrammierung/04-api-service-template/main.go:163.2,164.16 2 1
github.com/k-spit/technical-assessment-go/Netzwerkprogrammierung/04-api-service-template/main.go:164.16,167.3 2 0
github.com/k-spit/technical-assessment-go/Netzwerkprogrammierung/04-api-service-template/main.go:169.2,171.19 3 1
github.com/k-spit/technical-assessment-go/Netzwerkprogrammierung/04-api-service-template/main.go:174.54,177.16 3 1
github.com/k-spit/technical-assessment-go/Netzwerkprogrammierung/04-api-service-template/main.go:177.16,180.3 2 0
github.com/k-spit/technical-assessment-go/Netzwerkprogrammierung/04-api-service-template/main.go:182.2,182.18 1 1
github.com/k-spit/technical-assessment-go/Netzwerkprogrammierung/04-api-service-template/main.go:182.18,183.53 1 0
github.com/k-spit/technical-assessment-go/Netzwerkprogrammierung/04-api-service-template/main.go:183.53,186.4 2 0
github.com/k-spit/technical-assessment-go/Netzwerkprogrammierung/04-api-service-template/main.go:189.2,191.26 3 1
github.com/k-spit/technical-assessment-go/Netzwerkprogrammierung/04-api-service-template/main.go:191.26,194.3 2 0
github.com/k-spit/technical-assessment-go/Netzwerkprogrammierung/04-api-service-template/main.go:194.8,194.23 1 1
github.com/k-spit/technical-assessment-go/Netzwerkprogrammierung/04-api-service-template/main.go:194.23,197.3 2 0
github.com/k-spit/technical-assessment-go/Netzwerkprogrammierung/04-api-service-template/main.go:199.2,200.18 2 1
github.com/k-spit/technical-assessment-go/Netzwerkprogrammierung/04-api-service-template/main.go:200.18,202.3 1 0
github.com/k-spit/technical-assessment-go/Netzwerkprogrammierung/04-api-service-template/main.go:203.2,204.19 2 1
github.com/k-spit/technical-assessment-go/Netzwerkprogrammierung/04-api-service-template/main.go:207.57,210.16 3 1
github.com/k-spit/technical-assessment-go/Netzwerkprogrammierung/04-api-service-template/main.go:210.16,213.3 2 0
github.com/k-spit/technical-assessment-go/Netzwerkprogrammierung/04-api-service-template/main.go:215.2,216.69 2 1
github.com/k-spit/technical-assessment-go/Netzwerkprogrammierung/04-api-service-template/main.go:216.69,219.3 2 0
github.com/k-spit/technical-assessment-go/Netzwerkprogrammierung/04-api-service-template/main.go:221.2,222.16 2 1
github.com/k-spit/technical-assessment-go/Netzwerkprogrammierung/04-api-service-template/main.go:222.16,225.3 2 0
github.com/k-spit/technical-assessment-go/Netzwerkprogrammierung/04-api-service-template/main.go:227.2,228.37 2 1
github.com/k-spit/technical-assessment-go/Netzwerkprogrammierung/04-api-service-template/main.go:228.37,231.3 2 0
github.com/k-spit/technical-assessment-go/Netzwerkprogrammierung/04-api-service-template/main.go:233.2,236.19 4 1
github.com/k-spit/technical-assessment-go/Netzwerkprogrammierung/04-api-service-template/main.go:239.57,242.16 3 1
github.com/k-spit/technical-assessment-go/Netzwerkprogrammierung/04-api-service-template/main.go:242.16,245.3 2 0
github.com/k-spit/technical-assessment-go/Netzwerkprogrammierung/04-api-service-template/main.go:247.2,248.16 2 1
github.com/k-spit/technical-assessment-go/Netzwerkprogrammierung/04-api-service-template/main.go:248.16,251.3 2 0
github.com/k-spit/technical-assessment-go/Netzwerkprogrammierung/04-api-service-template/main.go:253.2,254.37 2 1
github.com/k-spit/technical-assessment-go/Netzwerkprogrammierung/04-api-service-template/main.go:254.37,257.3 2 0
github.com/k-spit/technical-assessment-go/Netzwerkprogrammierung/04-api-service-template/main.go:259.2,259.37 1 1
